<?xml version='1.0' encoding='UTF-8'?>
<result plugin="junit@1.23">
  <suites>
    <suite>
      <file>/root/.jenkins/workspace/Maven-Jfrog-Versioning/maven-example/multi2/target/surefire-reports/TEST-artifactory.test.AppTest.xml</file>
      <name>artifactory.test.AppTest</name>
      <duration>0.001</duration>
      <time>0.001</time>
      <enclosingBlocks/>
      <enclosingBlockNames/>
      <cases>
        <case>
          <duration>0.001</duration>
          <className>artifactory.test.AppTest</className>
          <testName>testApp</testName>
          <skipped>false</skipped>
          <failedSince>0</failedSince>
        </case>
      </cases>
    </suite>
  </suites>
  <duration>0.001</duration>
  <keepLongStdio>false</keepLongStdio>
</result>